============================= test session starts =============================
platform win32 -- Python 3.13.2, pytest-9.0.2, pluggy-1.6.0
rootdir: C:\Users\Os\.gemini\antigravity\scratch\InmuFacil_Project
plugins: anyio-4.12.1
collected 0 items / 1 error

=================================== ERRORS ====================================
_________________ ERROR collecting tests/test_notary_flow.py __________________
ImportError while importing test module 'C:\Users\Os\.gemini\antigravity\scratch\InmuFacil_Project\tests\test_notary_flow.py'.
Hint: make sure your test modules/packages have valid Python names.
Traceback:
C:\Users\Os\AppData\Local\Programs\Python\Python313\Lib\importlib\__init__.py:88: in import_module
    return _bootstrap._gcd_import(name[level:], package, level)
           ^^^^^^^^^^^^^^^^^^^^^^^^^^^^^^^^^^^^^^^^^^^^^^^^^^^^
tests\test_notary_flow.py:10: in <module>
    from backend.main import app
backend\main.py:214: in <module>
    from backend.src.routes import auth, users, kyc, properties, visits, offers, financing, contracts, signature, notary
backend\src\routes\notary.py:8: in <module>
    from backend.src.services.notary_service import NotaryService
backend\src\services\notary_service.py:5: in <module>
    from backend.src.models.offers import PropertyOffer, NotaryStatus, OfferStatus
E   ImportError: cannot import name 'NotaryStatus' from 'backend.src.models.offers' (C:\Users\Os\.gemini\antigravity\scratch\InmuFacil_Project\backend\src\models\offers.py)
------------------------------- Captured stdout -------------------------------
[ENV] Loaded .env from: C:\Users\Os\.gemini\antigravity\scratch\InmuFacil_Project\.env
[ENV] .env exists: True
[INFO] DATABASE MODE: PostgreSQL (Docker)
============================== warnings summary ===============================
backend\main.py:148
  C:\Users\Os\.gemini\antigravity\scratch\InmuFacil_Project\backend\main.py:148: DeprecationWarning: 
          on_event is deprecated, use lifespan event handlers instead.
  
          Read more about it in the
          [FastAPI docs for Lifespan Events](https://fastapi.tiangolo.com/advanced/events/).
          
    @app.on_event("startup")

.venv\Lib\site-packages\fastapi\applications.py:4576
.venv\Lib\site-packages\fastapi\applications.py:4576
  C:\Users\Os\.gemini\antigravity\scratch\InmuFacil_Project\.venv\Lib\site-packages\fastapi\applications.py:4576: DeprecationWarning: 
          on_event is deprecated, use lifespan event handlers instead.
  
          Read more about it in the
          [FastAPI docs for Lifespan Events](https://fastapi.tiangolo.com/advanced/events/).
          
    return self.router.on_event(event_type)

backend\main.py:171
  C:\Users\Os\.gemini\antigravity\scratch\InmuFacil_Project\backend\main.py:171: DeprecationWarning: 
          on_event is deprecated, use lifespan event handlers instead.
  
          Read more about it in the
          [FastAPI docs for Lifespan Events](https://fastapi.tiangolo.com/advanced/events/).
          
    @app.on_event("shutdown")

backend\src\models\base.py:3
  C:\Users\Os\.gemini\antigravity\scratch\InmuFacil_Project\backend\src\models\base.py:3: MovedIn20Warning: The ``declarative_base()`` function is now available as sqlalchemy.orm.declarative_base(). (deprecated since: 2.0) (Background on SQLAlchemy 2.0 at: https://sqlalche.me/e/b8d9)
    Base = declarative_base()

backend\src\schemas\base.py:41
  C:\Users\Os\.gemini\antigravity\scratch\InmuFacil_Project\backend\src\schemas\base.py:41: PydanticDeprecatedSince20: Support for class-based `config` is deprecated, use ConfigDict instead. Deprecated in Pydantic V2.0 to be removed in V3.0. See Pydantic V2 Migration Guide at https://errors.pydantic.dev/2.12/migration/
    class UserResponse(UserBase):

backend\src\schemas\base.py:55
  C:\Users\Os\.gemini\antigravity\scratch\InmuFacil_Project\backend\src\schemas\base.py:55: PydanticDeprecatedSince20: Support for class-based `config` is deprecated, use ConfigDict instead. Deprecated in Pydantic V2.0 to be removed in V3.0. See Pydantic V2 Migration Guide at https://errors.pydantic.dev/2.12/migration/
    class UserInDB(UserBase):

backend\src\schemas\base.py:86
  C:\Users\Os\.gemini\antigravity\scratch\InmuFacil_Project\backend\src\schemas\base.py:86: PydanticDeprecatedSince20: Support for class-based `config` is deprecated, use ConfigDict instead. Deprecated in Pydantic V2.0 to be removed in V3.0. See Pydantic V2 Migration Guide at https://errors.pydantic.dev/2.12/migration/
    class PropertyFeaturesSchema(BaseModel):

backend\src\schemas\base.py:104
  C:\Users\Os\.gemini\antigravity\scratch\InmuFacil_Project\backend\src\schemas\base.py:104: PydanticDeprecatedSince20: Support for class-based `config` is deprecated, use ConfigDict instead. Deprecated in Pydantic V2.0 to be removed in V3.0. See Pydantic V2 Migration Guide at https://errors.pydantic.dev/2.12/migration/
    class PropertyLegalSchema(BaseModel):

backend\src\schemas\base.py:117
  C:\Users\Os\.gemini\antigravity\scratch\InmuFacil_Project\backend\src\schemas\base.py:117: PydanticDeprecatedSince20: Support for class-based `config` is deprecated, use ConfigDict instead. Deprecated in Pydantic V2.0 to be removed in V3.0. See Pydantic V2 Migration Guide at https://errors.pydantic.dev/2.12/migration/
    class PropertyFinancialSchema(BaseModel):

backend\src\schemas\base.py:127
  C:\Users\Os\.gemini\antigravity\scratch\InmuFacil_Project\backend\src\schemas\base.py:127: PydanticDeprecatedSince20: Support for class-based `config` is deprecated, use ConfigDict instead. Deprecated in Pydantic V2.0 to be removed in V3.0. See Pydantic V2 Migration Guide at https://errors.pydantic.dev/2.12/migration/
    class PropertyEnvironmentSchema(BaseModel):

backend\src\schemas\base.py:143
  C:\Users\Os\.gemini\antigravity\scratch\InmuFacil_Project\backend\src\schemas\base.py:143: PydanticDeprecatedSince20: Support for class-based `config` is deprecated, use ConfigDict instead. Deprecated in Pydantic V2.0 to be removed in V3.0. See Pydantic V2 Migration Guide at https://errors.pydantic.dev/2.12/migration/
    class PropertyMediaResponse(BaseModel):

backend\src\schemas\base.py:185
  C:\Users\Os\.gemini\antigravity\scratch\InmuFacil_Project\backend\src\schemas\base.py:185: PydanticDeprecatedSince20: Support for class-based `config` is deprecated, use ConfigDict instead. Deprecated in Pydantic V2.0 to be removed in V3.0. See Pydantic V2 Migration Guide at https://errors.pydantic.dev/2.12/migration/
    class PropertyCreate(PropertyBase):

backend\src\schemas\base.py:199
  C:\Users\Os\.gemini\antigravity\scratch\InmuFacil_Project\backend\src\schemas\base.py:199: PydanticDeprecatedSince20: Support for class-based `config` is deprecated, use ConfigDict instead. Deprecated in Pydantic V2.0 to be removed in V3.0. See Pydantic V2 Migration Guide at https://errors.pydantic.dev/2.12/migration/
    class PropertyResponse(PropertyBase):

backend\src\schemas\base.py:268
  C:\Users\Os\.gemini\antigravity\scratch\InmuFacil_Project\backend\src\schemas\base.py:268: PydanticDeprecatedSince20: Pydantic V1 style `@validator` validators are deprecated. You should migrate to Pydantic V2 style `@field_validator` validators, see the migration guide for more details. Deprecated in Pydantic V2.0 to be removed in V3.0. See Pydantic V2 Migration Guide at https://errors.pydantic.dev/2.12/migration/
    @validator('end_time')

backend\src\schemas\base.py:275
  C:\Users\Os\.gemini\antigravity\scratch\InmuFacil_Project\backend\src\schemas\base.py:275: PydanticDeprecatedSince20: Support for class-based `config` is deprecated, use ConfigDict instead. Deprecated in Pydantic V2.0 to be removed in V3.0. See Pydantic V2 Migration Guide at https://errors.pydantic.dev/2.12/migration/
    class VisitWindowResponse(BaseModel):

backend\src\schemas\base.py:309
  C:\Users\Os\.gemini\antigravity\scratch\InmuFacil_Project\backend\src\schemas\base.py:309: PydanticDeprecatedSince20: Support for class-based `config` is deprecated, use ConfigDict instead. Deprecated in Pydantic V2.0 to be removed in V3.0. See Pydantic V2 Migration Guide at https://errors.pydantic.dev/2.12/migration/
    class VisitAppointmentResponse(BaseModel):

backend\src\schemas\valuation.py:13
  C:\Users\Os\.gemini\antigravity\scratch\InmuFacil_Project\backend\src\schemas\valuation.py:13: PydanticDeprecatedSince20: Support for class-based `config` is deprecated, use ConfigDict instead. Deprecated in Pydantic V2.0 to be removed in V3.0. See Pydantic V2 Migration Guide at https://errors.pydantic.dev/2.12/migration/
    class ValuationResponse(BaseModel):

backend\src\routes\offers.py:29
  C:\Users\Os\.gemini\antigravity\scratch\InmuFacil_Project\backend\src\routes\offers.py:29: PydanticDeprecatedSince20: Support for class-based `config` is deprecated, use ConfigDict instead. Deprecated in Pydantic V2.0 to be removed in V3.0. See Pydantic V2 Migration Guide at https://errors.pydantic.dev/2.12/migration/
    class OfferResponse(BaseModel):

backend\src\routes\offers.py:48
  C:\Users\Os\.gemini\antigravity\scratch\InmuFacil_Project\backend\src\routes\offers.py:48: PydanticDeprecatedSince20: Support for class-based `config` is deprecated, use ConfigDict instead. Deprecated in Pydantic V2.0 to be removed in V3.0. See Pydantic V2 Migration Guide at https://errors.pydantic.dev/2.12/migration/
    class ChatMessageResponse(BaseModel):

backend\src\schemas\financing.py:19
  C:\Users\Os\.gemini\antigravity\scratch\InmuFacil_Project\backend\src\schemas\financing.py:19: PydanticDeprecatedSince20: Support for class-based `config` is deprecated, use ConfigDict instead. Deprecated in Pydantic V2.0 to be removed in V3.0. See Pydantic V2 Migration Guide at https://errors.pydantic.dev/2.12/migration/
    class MortgageProfileResponse(MortgageProfileCreate):

backend\src\schemas\financing.py:34
  C:\Users\Os\.gemini\antigravity\scratch\InmuFacil_Project\backend\src\schemas\financing.py:34: PydanticDeprecatedSince20: Support for class-based `config` is deprecated, use ConfigDict instead. Deprecated in Pydantic V2.0 to be removed in V3.0. See Pydantic V2 Migration Guide at https://errors.pydantic.dev/2.12/migration/
    class SimulationResponse(BaseModel):

-- Docs: https://docs.pytest.org/en/stable/how-to/capture-warnings.html
=========================== short test summary info ===========================
ERROR tests/test_notary_flow.py
!!!!!!!!!!!!!!!!!!! Interrupted: 1 error during collection !!!!!!!!!!!!!!!!!!!!
======================== 22 warnings, 1 error in 1.72s ========================
